2022-01-21 20:19:38,979:WARNING:nextcord.client: PyNaCl is not installed, voice will NOT be supported
2022-01-21 20:19:38,981:DEBUG:nextcord.client: on_ready has successfully been registered as an event
2022-01-21 20:19:38,981:DEBUG:nextcord.client: on_member_join has successfully been registered as an event
2022-01-21 20:19:38,981:DEBUG:nextcord.client: on_message has successfully been registered as an event
2022-01-21 20:19:38,981:DEBUG:nextcord.client: guild_available has successfully been registered as an event
2022-01-21 20:19:38,987:INFO:nextcord.client: logging in using static token
2022-01-21 20:19:39,169:DEBUG:nextcord.http: GET https://discord.com/api/v9/users/@me with None has returned 200
2022-01-21 20:19:39,169:DEBUG:nextcord.http: GET https://discord.com/api/v9/users/@me has received {'id': '926290437545791508', 'username': 'Twosided Yt Server', 'avatar': None, 'discriminator': '3622', 'public_flags': 0, 'flags': 0, 'bot': True, 'banner': None, 'banner_color': None, 'accent_color': None, 'bio': '', 'locale': 'en-US', 'mfa_enabled': True, 'email': None, 'verified': True}
2022-01-21 20:19:39,197:DEBUG:nextcord.http: GET https://discord.com/api/v9/gateway with None has returned 200
2022-01-21 20:19:39,197:DEBUG:nextcord.http: GET https://discord.com/api/v9/gateway has received {'url': 'wss://gateway.discord.gg'}
2022-01-21 20:19:39,300:DEBUG:nextcord.gateway: Created websocket connected to wss://gateway.discord.gg?encoding=json&v=9&compress=zlib-stream
2022-01-21 20:19:39,300:DEBUG:nextcord.gateway: For Shard ID None: WebSocket Event: {'t': None, 's': None, 'op': 10, 'd': {'heartbeat_interval': 41250, '_trace': ['["gateway-prd-main-8mlv",{"micros":0.0}]']}}
2022-01-21 20:19:39,301:INFO:nextcord.gateway: Shard ID None has sent the IDENTIFY payload.
2022-01-21 20:19:39,345:DEBUG:nextcord.gateway: For Shard ID None: WebSocket Event: {'t': None, 's': None, 'op': 11, 'd': None}
2022-01-21 20:19:39,428:DEBUG:nextcord.gateway: For Shard ID None: WebSocket Event: {'t': 'READY', 's': 1, 'op': 0, 'd': {'v': 9, 'user_settings': {}, 'user': {'verified': True, 'username': 'Twosided Yt Server', 'mfa_enabled': True, 'id': '926290437545791508', 'flags': 0, 'email': None, 'discriminator': '3622', 'bot': True, 'avatar': None}, 'session_id': '74e8dc28663805003c320442d98642b5', 'relationships': [], 'private_channels': [], 'presences': [], 'guilds': [{'unavailable': True, 'id': '924785617940938753'}], 'guild_join_requests': [], 'geo_ordered_rtc_regions': ['us-central', 'us-south', 'atlanta', 'us-east', 'newark'], 'application': {'id': '926290437545791508', 'flags': 262144}, '_trace': ['["gateway-prd-main-8mlv",{"micros":82499,"calls":["discord-sessions-blue-prd-2-37",{"micros":73570,"calls":["start_session",{"micros":51585,"calls":["discord-api-785859c9d4-7xt5n",{"micros":43378,"calls":["get_user",{"micros":10320},"add_authorized_ip",{"micros":1706},"get_guilds",{"micros":3250},"coros_wait",{"micros":2}]}]},"guilds_connect",{"micros":2,"calls":[]},"presence_connect",{"micros":15150,"calls":[]}]}]}]']}}
2022-01-21 20:19:39,428:DEBUG:nextcord.client: Dispatching event socket_event_type
2022-01-21 20:19:39,429:INFO:nextcord.gateway: Shard ID None has connected to Gateway: ["gateway-prd-main-8mlv",{"micros":82499,"calls":["discord-sessions-blue-prd-2-37",{"micros":73570,"calls":["start_session",{"micros":51585,"calls":["discord-api-785859c9d4-7xt5n",{"micros":43378,"calls":["get_user",{"micros":10320},"add_authorized_ip",{"micros":1706},"get_guilds",{"micros":3250},"coros_wait",{"micros":2}]}]},"guilds_connect",{"micros":2,"calls":[]},"presence_connect",{"micros":15150,"calls":[]}]}]}] (Session ID: 74e8dc28663805003c320442d98642b5).
2022-01-21 20:19:39,429:DEBUG:nextcord.client: Dispatching event connect
2022-01-21 20:19:39,430:DEBUG:nextcord.gateway: For Shard ID None: WebSocket Event: {'t': 'GUILD_CREATE', 's': 2, 'op': 0, 'd': {'default_message_notifications': 1, 'owner_id': '911773312626081842', 'splash': None, 'lazy': True, 'name': 'TwoSided Yt discord server', 'application_command_count': 21, 'stage_instances': [], 'description': None, 'hub_type': None, 'application_command_counts': {'3': 0, '2': 0, '1': 21}, 'guild_hashes': {'version': 1, 'roles': {'omitted': False, 'hash': 'M7jRxp7d+Lc'}, 'metadata': {'omitted': False, 'hash': 'kGZNzpYkDHE'}, 'channels': {'omitted': False, 'hash': 'q0B6D3LRPVk'}}, 'verification_level': 3, 'explicit_content_filter': 2, 'premium_tier': 0, 'public_updates_channel_id': '929584994630926367', 'afk_timeout': 300, 'roles': [{'unicode_emoji': None, 'position': 0, 'permissions': '549755813888', 'name': '@everyone', 'mentionable': False, 'managed': False, 'id': '924785617940938753', 'icon': None, 'hoist': False, 'color': 0}, {'unicode_emoji': None, 'position': 19, 'permissions': '1071698660937', 'name': 'Admin guy', 'mentionable': False, 'managed': False, 'id': '924891138249330708', 'icon': None, 'hoist': True, 'color': 14103594}, {'unicode_emoji': None, 'position': 3, 'permissions': '1071698480705', 'name': 'Member', 'mentionable': False, 'managed': False, 'id': '924893234826727475', 'icon': None, 'hoist': True, 'color': 0}, {'unicode_emoji': None, 'position': 20, 'permissions': '1071698529857', 'name': '🦆 Owner', 'mentionable': False, 'managed': False, 'id': '924893335569715281', 'icon': None, 'hoist': True, 'color': 15844367}, {'unicode_emoji': None, 'position': 8, 'permissions': '1071698529857', 'name': 'Staff', 'mentionable': True, 'managed': False, 'id': '924893990409621554', 'icon': None, 'hoist': True, 'color': 1752220}, {'unicode_emoji': None, 'position': 14, 'permissions': '1089041985479', 'name': 'senior moderator', 'mentionable': False, 'managed': False, 'id': '924894193447481485', 'icon': None, 'hoist': True, 'color': 0}, {'unicode_emoji': None, 'position': 13, 'permissions': '2171356966471', 'name': 'Normal Mod', 'mentionable': False, 'managed': False, 'id': '924894762371256360', 'icon': None, 'hoist': True, 'color': 0}, {'unicode_emoji': None, 'position': 12, 'permissions': '1071832747587', 'name': 'Assistant Mod', 'mentionable': False, 'managed': False, 'id': '924894985709559828', 'icon': None, 'hoist': False, 'color': 0}, {'unicode_emoji': None, 'position': 9, 'permissions': '1071698529857', 'name': 'Helper', 'mentionable': True, 'managed': False, 'id': '924895579002253313', 'icon': None, 'hoist': True, 'color': 0}, {'unicode_emoji': None, 'tags': {'bot_id': '416358583220043796'}, 'position': 6, 'permissions': '8', 'name': 'Xenon', 'mentionable': False, 'managed': True, 'id': '924896371209809971', 'icon': None, 'hoist': False, 'color': 0}, {'unicode_emoji': None, 'tags': {'bot_id': '926290437545791508'}, 'position': 17, 'permissions': '8', 'name': 'Twosided Yt Server', 'mentionable': False, 'managed': True, 'id': '926291093606252606', 'icon': None, 'hoist': False, 'color': 0}, {'unicode_emoji': None, 'position': 4, 'permissions': '1071698529857', 'name': 'OG', 'mentionable': False, 'managed': False, 'id': '929489624689147935', 'icon': None, 'hoist': True, 'color': 14988288}, {'unicode_emoji': None, 'position': 21, 'permissions': '1033', 'name': '[HIDDEN] Overpowering Bot', 'mentionable': False, 'managed': False, 'id': '929584969356029962', 'icon': None, 'hoist': False, 'color': 0}, {'unicode_emoji': None, 'position': 18, 'permissions': '104324681', 'name': 'Owner', 'mentionable': False, 'managed': False, 'id': '929584970291376128', 'icon': None, 'hoist': True, 'color': 7602020}, {'unicode_emoji': None, 'position': 15, 'permissions': '2146959319', 'name': 'Admin', 'mentionable': False, 'managed': False, 'id': '929584971079901185', 'icon': None, 'hoist': True, 'color': 15776339}, {'unicode_emoji': None, 'position': 11, 'permissions': '259391043', 'name': 'Moderator', 'mentionable': False, 'managed': False, 'id': '929584971977482310', 'icon': None, 'hoist': True, 'color': 5597948}, {'unicode_emoji': None, 'position': 2, 'permissions': '104140353', 'name': 'Verified', 'mentionable': False, 'managed': False, 'id': '929584972476592169', 'icon': None, 'hoist': True, 'color': 15612474}, {'unicode_emoji': None, 'position': 16, 'permissions': '1033', 'name': 'Bot', 'mentionable': False, 'managed': False, 'id': '929584973709738024', 'icon': None, 'hoist': True, 'color': 2105387}, {'unicode_emoji': None, 'position': 1, 'permissions': '0', 'name': 'Banned exploiter', 'mentionable': False, 'managed': False, 'id': '932409957813461063', 'icon': None, 'hoist': False, 'color': 3447003}, {'unicode_emoji': None, 'position': 22, 'permissions': '549755814912', 'name': 'time out chair', 'mentionable': False, 'managed': False, 'id': '932714730081095740', 'icon': None, 'hoist': False, 'color': 15844367}, {'unicode_emoji': None, 'position': 5, 'permissions': '927712936961', 'name': 'AntiCheat Area Accsess', 'mentionable': False, 'managed': False, 'id': '933507025248325662', 'icon': None, 'hoist': False, 'color': 0}, {'unicode_emoji': None, 'position': 10, 'permissions': '927712936961', 'name': 'Age mod', 'mentionable': False, 'managed': False, 'id': '933507031174897695', 'icon': None, 'hoist': True, 'color': 2588365}, {'unicode_emoji': None, 'tags': {'bot_id': '235148962103951360'}, 'position': 7, 'permissions': '1945894079', 'name': 'carl-bot', 'mentionable': False, 'managed': True, 'id': '933547790297083904', 'icon': None, 'hoist': False, 'color': 0}], 'joined_at': '2021-12-31T01:50:06.471207+00:00', 'system_channel_id': None, 'premium_progress_bar_enabled': True, 'channels': [{'type': 4, 'position': 0, 'permission_overwrites': [{'type': 0, 'id': '924785617940938753', 'deny': '2112', 'allow': '0'}, {'type': 0, 'id': '929584970291376128', 'deny': '0', 'allow': '2112'}, {'type': 0, 'id': '929584971079901185', 'deny': '0', 'allow': '2112'}, {'type': 0, 'id': '929584972476592169', 'deny': '2048', 'allow': '64'}], 'parent_id': None, 'nsfw': False, 'name': 'IMPORTANT', 'id': '929584975441985596'}, {'type': 4, 'position': 2, 'permission_overwrites': [{'type': 0, 'id': '924785617940938753', 'deny': '2100288', 'allow': '0'}, {'type': 0, 'id': '929584972476592169', 'deny': '0', 'allow': '2099264'}], 'parent_id': None, 'nsfw': False, 'name': 'SERVER DISCUSSION', 'id': '929584975899152455'}, {'type': 4, 'position': 3, 'permission_overwrites': [{'type': 0, 'id': '924785617940938753', 'deny': '3148800', 'allow': '64'}, {'type': 0, 'id': '929584972476592169', 'deny': '0', 'allow': '2100288'}], 'parent_id': None, 'nsfw': False, 'name': 'OTHER', 'id': '929584976884797460'}, {'type': 4, 'position': 4, 'permission_overwrites': [{'type': 0, 'id': '929584972476592169', 'deny': '0', 'allow': '2361408'}, {'type': 0, 'id': '924785617940938753', 'deny': '2097232', 'allow': '2048'}, {'type': 0, 'id': '929584973709738024', 'deny': '0', 'allow': '2361408'}], 'parent_id': None, 'nsfw': False, 'name': 'ALL THE BOTS', 'id': '929584977807556648'}, {'type': 4, 'position': 5, 'permission_overwrites': [{'type': 0, 'id': '929584972476592169', 'deny': '2097152', 'allow': '1312832'}, {'type': 0, 'id': '929584973709738024', 'deny': '0', 'allow': '2361408'}, {'type': 0, 'id': '924785617940938753', 'deny': '1024', 'allow': '2361408'}], 'parent_id': None, 'nsfw': False, 'name': 'MUSIC IS SEPERATED', 'id': '929584978545750057'}, {'type': 4, 'position': 6, 'permission_overwrites': [{'type': 0, 'id': '924785617940938753', 'deny': '17828864', 'allow': '0'}, {'type': 0, 'id': '929584972476592169', 'deny': '17828864', 'allow': '0'}, {'type': 0, 'id': '929584973709738024', 'deny': '16777216', 'allow': '1051648'}, {'type': 0, 'id': '929584971079901185', 'deny': '0', 'allow': '17837056'}, {'type': 0, 'id': '929584970291376128', 'deny': '0', 'allow': '17837056'}], 'parent_id': None, 'nsfw': False, 'name': 'STAFF', 'id': '929584979258802186'}, {'user_limit': 8, 'type': 2, 'rtc_region': None, 'position': 0, 'permission_overwrites': [{'type': 0, 'id': '929584972476592169', 'deny': '0', 'allow': '2099264'}, {'type': 0, 'id': '924785617940938753', 'deny': '0', 'allow': '3147840'}], 'parent_id': '929584976884797460', 'nsfw': False, 'name': 'Gaming Sweatroom', 'last_message_id': None, 'id': '929584980756164648', 'bitrate': 64000}, {'type': 0, 'topic': 'Because every good Discord server has them.', 'rate_limit_per_user': 0, 'position': 1, 'permission_overwrites': [{'type': 0, 'id': '929584971079901185', 'deny': '0', 'allow': '2112'}, {'type': 0, 'id': '929584970291376128', 'deny': '0', 'allow': '2112'}, {'type': 0, 'id': '929584972476592169', 'deny': '2048', 'allow': '64'}, {'type': 0, 'id': '924785617940938753', 'deny': '2048', 'allow': '64'}], 'parent_id': '929584975441985596', 'nsfw': False, 'name': 'rules', 'last_message_id': '933549341426188288', 'id': '929584981590806578'}, {'user_limit': 0, 'type': 2, 'rtc_region': None, 'position': 2, 'permission_overwrites': [{'type': 0, 'id': '924785617940938753', 'deny': '2361408', 'allow': '1048576'}], 'parent_id': '929584978545750057', 'nsfw': False, 'name': 'music', 'last_message_id': None, 'id': '929584982622605363', 'bitrate': 64000}, {'type': 0, 'topic': 'Just for general discussion about the **server.**', 'rate_limit_per_user': 0, 'position': 6, 'permission_overwrites': [{'type': 0, 'id': '929584972476592169', 'deny': '137439145984', 'allow': '380104936512'}, {'type': 0, 'id': '924785617940938753', 'deny': '2149440', 'allow': '0'}], 'parent_id': '929584975899152455', 'nsfw': False, 'name': 'general', 'last_message_id': '934135192296259676', 'id': '929584983616659508'}, {'user_limit': 0, 'type': 2, 'rtc_region': None, 'position': 3, 'permission_overwrites': [{'type': 0, 'id': '929584970291376128', 'deny': '0', 'allow': '17837056'}, {'type': 0, 'id': '924785617940938753', 'deny': '17828864', 'allow': '0'}], 'parent_id': '929584979258802186', 'nsfw': False, 'name': 'Staff Voicings', 'last_message_id': None, 'id': '929584984438734858', 'bitrate': 64000}, {'type': 0, 'topic': 'Images of your plot, skyblock island, or any builds you have on Red.', 'rate_limit_per_user': 0, 'position': 5, 'permission_overwrites': [{'type': 0, 'id': '924785617940938753', 'deny': '2100288', 'allow': '0'}], 'parent_id': '929584975899152455', 'nsfw': False, 'name': 'images', 'last_message_id': '933920363639865415', 'id': '929584985361506364'}, {'type': 0, 'topic': 'Epic gamer moments you want to share your friends.', 'rate_limit_per_user': 0, 'position': 7, 'permission_overwrites': [{'type': 0, 'id': '924785617940938753', 'deny': '2100288', 'allow': '0'}], 'parent_id': '929584975899152455', 'nsfw': False, 'name': 'videos', 'last_message_id': None, 'id': '929584986506530907'}, {'type': 0, 'topic': 'Advertisements for items or builds on the server, **not anywhere else.**', 'rate_limit_per_user': 0, 'position': 8, 'permission_overwrites': [{'type': 0, 'id': '929584972476592169', 'deny': '0', 'allow': '3072'}, {'type': 0, 'id': '924785617940938753', 'deny': '2100224', 'allow': '64'}], 'parent_id': '929584975899152455', 'nsfw': False, 'name': 'in-game-adverts', 'last_pin_timestamp': '2022-01-10T03:11:51+00:00', 'last_message_id': '932084701680791582', 'id': '929584987374780446'}, {'type': 0, 'topic': "Any services you're giving out **in game.**", 'rate_limit_per_user': 0, 'position': 9, 'permission_overwrites': [{'type': 0, 'id': '924785617940938753', 'deny': '2100224', 'allow': '64'}, {'type': 0, 'id': '929584972476592169', 'deny': '0', 'allow': '3072'}], 'parent_id': '929584975899152455', 'nsfw': False, 'name': 'marketplace', 'last_message_id': None, 'id': '929584988238782524'}, {'type': 0, 'topic': 'Any discussion about **Minecraft.**', 'rate_limit_per_user': 0, 'position': 10, 'permission_overwrites': [{'type': 0, 'id': '924785617940938753', 'deny': '2097152', 'allow': '2112'}], 'parent_id': '929584976884797460', 'nsfw': False, 'name': 'minecraft', 'last_message_id': '933937934611140608', 'id': '929584989329317979'}, {'type': 0, 'topic': 'Any games, at ALL.', 'rate_limit_per_user': 0, 'position': 11, 'permission_overwrites': [{'type': 0, 'id': '924785617940938753', 'deny': '2097152', 'allow': '2112'}], 'parent_id': '929584976884797460', 'nsfw': False, 'name': 'any-games', 'last_message_id': '931365288832823366', 'id': '929584990092668979'}, {'type': 0, 'topic': 'Because people want to get in their real social life.', 'rate_limit_per_user': 0, 'position': 12, 'permission_overwrites': [{'type': 0, 'id': '924785617940938753', 'deny': '2097152', 'allow': '2112'}], 'parent_id': '929584976884797460', 'nsfw': False, 'name': 'irl', 'last_message_id': None, 'id': '929584990847655936'}, {'type': 0, 'topic': 'Adverts for any **Minecraft servers** you might want to advert.', 'rate_limit_per_user': 0, 'position': 13, 'permission_overwrites': [{'type': 0, 'id': '924785617940938753', 'deny': '2097152', 'allow': '2112'}], 'parent_id': '929584976884797460', 'nsfw': False, 'name': 'minecraft-server-adverts', 'last_message_id': None, 'id': '929584991900434432'}, {'type': 0, 'topic': '"Does what it says on the tin." - Carl 20xx', 'rate_limit_per_user': 0, 'position': 14, 'permission_overwrites': [{'type': 0, 'id': '924785617940938753', 'deny': '2099264', 'allow': '0'}], 'parent_id': '929584976884797460', 'nsfw': False, 'name': 'spam-my-man', 'last_message_id': None, 'id': '929584992919629844'}, {'type': 0, 'topic': 'It should be named misc. but who cares?', 'rate_limit_per_user': 0, 'position': 15, 'permission_overwrites': [{'type': 0, 'id': '924785617940938753', 'deny': '2097216', 'allow': '3072'}], 'parent_id': '929584977807556648', 'nsfw': False, 'name': 'general', 'last_message_id': '934176626156142663', 'id': '929584993808822312'}, {'type': 0, 'topic': 'All mods have it. A channel to their own. (only for bot usage)', 'rate_limit_per_user': 0, 'position': 16, 'permission_overwrites': [{'type': 0, 'id': '924785617940938753', 'deny': '2100288', 'allow': '0'}], 'parent_id': '929584977807556648', 'nsfw': False, 'name': 'moderation', 'last_message_id': '933894284707504130', 'id': '929584994630926367'}, {'type': 0, 'topic': "It's too spammy. I hate it.", 'rate_limit_per_user': 0, 'position': 17, 'permission_overwrites': [{'type': 0, 'id': '924785617940938753', 'deny': '2099264', 'allow': '0'}], 'parent_id': '929584977807556648', 'nsfw': False, 'name': 'levelcheck', 'last_message_id': None, 'id': '929584995432009758'}, {'type': 0, 'topic': 'Just here for the ride, and to be a translator.', 'rate_limit_per_user': 0, 'position': 18, 'permission_overwrites': [{'type': 0, 'id': '924785617940938753', 'deny': '2097152', 'allow': '264256'}], 'parent_id': '929584978545750057', 'nsfw': False, 'name': 'music-requesting', 'last_message_id': '931042990946938910', 'id': '929584996170203136'}, {'type': 0, 'topic': "To the non-staff viewing this, discord's going to be searching for you.", 'rate_limit_per_user': 0, 'position': 19, 'permission_overwrites': [{'type': 0, 'id': '924785617940938753', 'deny': '17828864', 'allow': '0'}], 'parent_id': '929584979258802186', 'nsfw': False, 'name': 'staff-chat', 'last_message_id': None, 'id': '929584997474664508'}, {'user_limit': 0, 'type': 2, 'rtc_region': None, 'position': 1, 'permission_overwrites': [{'type': 0, 'id': '929584972476592169', 'deny': '0', 'allow': '2099264'}, {'type': 0, 'id': '924785617940938753', 'deny': '2112', 'allow': '3146752'}], 'parent_id': '929584976884797460', 'nsfw': False, 'name': 'game time', 'last_message_id': None, 'id': '929588814421295154', 'bitrate': 64000}, {'type': 5, 'topic': None, 'position': 2, 'permission_overwrites': [{'type': 0, 'id': '929584971079901185', 'deny': '0', 'allow': '2112'}, {'type': 0, 'id': '929584970291376128', 'deny': '0', 'allow': '2112'}, {'type': 0, 'id': '924785617940938753', 'deny': '2112', 'allow': '0'}, {'type': 0, 'id': '929584972476592169', 'deny': '2048', 'allow': '64'}], 'parent_id': '929584975441985596', 'nsfw': False, 'name': 'announcments-or-changes', 'last_message_id': '933895513336598638', 'id': '929933232789672027'}, {'type': 0, 'topic': 'Please put your age range and Minecraft username here:', 'rate_limit_per_user': 0, 'position': 0, 'permission_overwrites': [{'type': 0, 'id': '924893234826727475', 'deny': '1024', 'allow': '0'}, {'type': 0, 'id': '924785617940938753', 'deny': '65536', 'allow': '3072'}, {'type': 0, 'id': '929489624689147935', 'deny': '1024', 'allow': '0'}, {'type': 0, 'id': '929584972476592169', 'deny': '1024', 'allow': '0'}], 'parent_id': None, 'nsfw': False, 'name': 'verify', 'last_pin_timestamp': '2022-01-19T23:45:42+00:00', 'last_message_id': '934077665877557318', 'id': '933507428438376479'}, {'type': 5, 'topic': None, 'position': 3, 'permission_overwrites': [{'type': 0, 'id': '933507025248325662', 'deny': '0', 'allow': '1049600'}, {'type': 0, 'id': '924785617940938753', 'deny': '1050624', 'allow': '1024'}], 'parent_id': '933547205007126638', 'nsfw': False, 'name': 'showiers-anticheat-updates', 'last_message_id': '933554176787636224', 'id': '933540450084728843'}, {'type': 4, 'position': 1, 'permission_overwrites': [{'type': 0, 'id': '924785617940938753', 'deny': '1049600', 'allow': '0'}, {'type': 0, 'id': '933507025248325662', 'deny': '0', 'allow': '1049600'}], 'parent_id': None, 'nsfw': False, 'name': "Shower's anti_cheat", 'id': '933547205007126638'}, {'type': 0, 'topic': None, 'rate_limit_per_user': 0, 'position': 4, 'permission_overwrites': [{'type': 0, 'id': '924785617940938753', 'deny': '1049600', 'allow': '0'}, {'type': 0, 'id': '933507025248325662', 'deny': '0', 'allow': '1049600'}], 'parent_id': '933547205007126638', 'nsfw': False, 'name': 'anti-cheat-discussion', 'last_message_id': None, 'id': '933547473245450291'}], 'mfa_level': 0, 'features': ['COMMUNITY', 'NEWS'], 'rules_channel_id': '929584981590806578', 'large': False, 'discovery_splash': None, 'threads': [], 'nsfw': False, 'member_count': 21, 'emojis': [], 'unavailable': False, 'nsfw_level': 0, 'max_video_channel_users': 25, 'system_channel_flags': 0, 'presences': [], 'id': '924785617940938753', 'afk_channel_id': None, 'preferred_locale': 'en-US', 'banner': None, 'max_members': 250000, 'members': [{'user': {'username': 'Twosided Yt Server', 'id': '926290437545791508', 'discriminator': '3622', 'bot': True, 'avatar': None}, 'roles': ['929584972476592169', '929584969356029962', '926291093606252606'], 'premium_since': None, 'pending': False, 'nick': None, 'mute': False, 'joined_at': '2021-12-31T01:50:06.471207+00:00', 'hoisted_role': '929584972476592169', 'deaf': False, 'communication_disabled_until': None, 'avatar': None}], 'guild_scheduled_events': [], 'vanity_url_code': None, 'stickers': [], 'region': 'deprecated', 'application_id': None, 'icon': '050eff2c5393a0e0b7beee6f32b31387', 'premium_subscription_count': 0, 'embedded_activities': [], 'voice_states': []}}
2022-01-21 20:19:39,434:DEBUG:nextcord.client: Dispatching event socket_event_type
2022-01-21 20:19:39,442:DEBUG:nextcord.client: Dispatching event guild_available
2022-01-21 20:19:39,443:INFO:nextcord.client: No locally added commands explicitly registered for TwoSided Yt discord server|924785617940938753, not checking.
2022-01-21 20:19:39,560:DEBUG:nextcord.http: GET https://discord.com/api/v9/applications/926290437545791508/commands with None has returned 200
2022-01-21 20:19:39,560:DEBUG:nextcord.http: GET https://discord.com/api/v9/applications/926290437545791508/commands has received []
2022-01-21 20:19:39,622:DEBUG:nextcord.http: GET https://discord.com/api/v9/applications/926290437545791508/commands with None has returned 200
2022-01-21 20:19:39,623:DEBUG:nextcord.http: GET https://discord.com/api/v9/applications/926290437545791508/commands has received []
2022-01-21 20:19:39,724:DEBUG:nextcord.http: GET https://discord.com/api/v9/applications/926290437545791508/commands with None has returned 200
2022-01-21 20:19:39,724:DEBUG:nextcord.http: GET https://discord.com/api/v9/applications/926290437545791508/commands has received []
2022-01-21 20:19:41,445:DEBUG:nextcord.client: Dispatching event ready
2022-01-21 20:20:20,553:DEBUG:nextcord.gateway: Keeping shard ID None websocket alive with sequence 2.
2022-01-21 20:20:20,599:DEBUG:nextcord.gateway: For Shard ID None: WebSocket Event: {'t': None, 's': None, 'op': 11, 'd': None}
2022-01-21 20:21:01,804:DEBUG:nextcord.gateway: Keeping shard ID None websocket alive with sequence 2.
2022-01-21 20:21:01,849:DEBUG:nextcord.gateway: For Shard ID None: WebSocket Event: {'t': None, 's': None, 'op': 11, 'd': None}
2022-01-21 20:21:43,056:DEBUG:nextcord.gateway: Keeping shard ID None websocket alive with sequence 2.
2022-01-21 20:21:43,100:DEBUG:nextcord.gateway: For Shard ID None: WebSocket Event: {'t': None, 's': None, 'op': 11, 'd': None}
2022-01-21 20:22:24,307:DEBUG:nextcord.gateway: Keeping shard ID None websocket alive with sequence 2.
2022-01-21 20:22:24,349:DEBUG:nextcord.gateway: For Shard ID None: WebSocket Event: {'t': None, 's': None, 'op': 11, 'd': None}
2022-01-21 20:23:05,563:DEBUG:nextcord.gateway: Keeping shard ID None websocket alive with sequence 2.
2022-01-21 20:23:05,607:DEBUG:nextcord.gateway: For Shard ID None: WebSocket Event: {'t': None, 's': None, 'op': 11, 'd': None}
2022-01-21 20:23:46,815:DEBUG:nextcord.gateway: Keeping shard ID None websocket alive with sequence 2.
2022-01-21 20:23:46,856:DEBUG:nextcord.gateway: For Shard ID None: WebSocket Event: {'t': None, 's': None, 'op': 11, 'd': None}
2022-01-21 20:24:27,296:DEBUG:nextcord.gateway: For Shard ID None: WebSocket Event: {'t': 'MESSAGE_CREATE', 's': 3, 'op': 0, 'd': {'type': 0, 'tts': False, 'timestamp': '2022-01-21T20:24:27.250000+00:00', 'referenced_message': None, 'pinned': False, 'nonce': '940352449992982528', 'mentions': [], 'mention_roles': [], 'mention_everyone': False, 'member': {'roles': ['929584972476592169', '933507025248325662', '929489624689147935'], 'premium_since': None, 'pending': False, 'nick': None, 'mute': False, 'joined_at': '2021-12-27T03:52:38.442731+00:00', 'hoisted_role': '929489624689147935', 'deaf': False, 'communication_disabled_until': None, 'avatar': None}, 'id': '934181673631883314', 'flags': 0, 'embeds': [], 'edited_timestamp': None, 'content': '', 'components': [], 'channel_id': '929584993808822312', 'author': {'username': 'OneFeline', 'public_flags': 0, 'id': '910004130062401567', 'discriminator': '9461', 'avatar': 'aa2bd8197f4146c6ac5726e2d93af743'}, 'attachments': [{'width': 2400, 'url': 'https://cdn.discordapp.com/attachments/929584993808822312/934181672503619695/Screenshot_20220121-122406_Minecraft.jpg', 'size': 1172610, 'proxy_url': 'https://media.discordapp.net/attachments/929584993808822312/934181672503619695/Screenshot_20220121-122406_Minecraft.jpg', 'id': '934181672503619695', 'height': 1080, 'filename': 'Screenshot_20220121-122406_Minecraft.jpg', 'content_type': 'image/jpeg'}], 'guild_id': '924785617940938753'}}
2022-01-21 20:24:27,296:DEBUG:nextcord.client: Dispatching event socket_event_type
2022-01-21 20:24:27,297:DEBUG:nextcord.client: Dispatching event message
2022-01-21 20:24:28,066:DEBUG:nextcord.gateway: Keeping shard ID None websocket alive with sequence 3.
2022-01-21 20:24:28,116:DEBUG:nextcord.gateway: For Shard ID None: WebSocket Event: {'t': None, 's': None, 'op': 11, 'd': None}
2022-01-21 20:25:09,318:DEBUG:nextcord.gateway: Keeping shard ID None websocket alive with sequence 3.
2022-01-21 20:25:09,368:DEBUG:nextcord.gateway: For Shard ID None: WebSocket Event: {'t': None, 's': None, 'op': 11, 'd': None}
2022-01-21 20:25:50,570:DEBUG:nextcord.gateway: Keeping shard ID None websocket alive with sequence 3.
2022-01-21 20:25:50,616:DEBUG:nextcord.gateway: For Shard ID None: WebSocket Event: {'t': None, 's': None, 'op': 11, 'd': None}
2022-01-21 20:26:31,821:DEBUG:nextcord.gateway: Keeping shard ID None websocket alive with sequence 3.
2022-01-21 20:26:31,861:DEBUG:nextcord.gateway: For Shard ID None: WebSocket Event: {'t': None, 's': None, 'op': 11, 'd': None}
2022-01-21 20:27:13,073:DEBUG:nextcord.gateway: Keeping shard ID None websocket alive with sequence 3.
2022-01-21 20:27:13,120:DEBUG:nextcord.gateway: For Shard ID None: WebSocket Event: {'t': None, 's': None, 'op': 11, 'd': None}
2022-01-21 20:27:54,325:DEBUG:nextcord.gateway: Keeping shard ID None websocket alive with sequence 3.
2022-01-21 20:27:54,366:DEBUG:nextcord.gateway: For Shard ID None: WebSocket Event: {'t': None, 's': None, 'op': 11, 'd': None}
2022-01-21 20:28:35,579:DEBUG:nextcord.gateway: Keeping shard ID None websocket alive with sequence 3.
2022-01-21 20:28:35,620:DEBUG:nextcord.gateway: For Shard ID None: WebSocket Event: {'t': None, 's': None, 'op': 11, 'd': None}
2022-01-21 20:29:16,831:DEBUG:nextcord.gateway: Keeping shard ID None websocket alive with sequence 3.
2022-01-21 20:29:16,874:DEBUG:nextcord.gateway: For Shard ID None: WebSocket Event: {'t': None, 's': None, 'op': 11, 'd': None}
2022-01-21 20:29:58,082:DEBUG:nextcord.gateway: Keeping shard ID None websocket alive with sequence 3.
2022-01-21 20:29:58,132:DEBUG:nextcord.gateway: For Shard ID None: WebSocket Event: {'t': None, 's': None, 'op': 11, 'd': None}
2022-01-21 20:30:39,334:DEBUG:nextcord.gateway: Keeping shard ID None websocket alive with sequence 3.
2022-01-21 20:30:39,383:DEBUG:nextcord.gateway: For Shard ID None: WebSocket Event: {'t': None, 's': None, 'op': 11, 'd': None}
2022-01-21 20:31:20,585:DEBUG:nextcord.gateway: Keeping shard ID None websocket alive with sequence 3.
2022-01-21 20:31:20,635:DEBUG:nextcord.gateway: For Shard ID None: WebSocket Event: {'t': None, 's': None, 'op': 11, 'd': None}
2022-01-21 20:32:01,836:DEBUG:nextcord.gateway: Keeping shard ID None websocket alive with sequence 3.
2022-01-21 20:32:01,888:DEBUG:nextcord.gateway: For Shard ID None: WebSocket Event: {'t': None, 's': None, 'op': 11, 'd': None}
2022-01-21 20:32:43,089:DEBUG:nextcord.gateway: Keeping shard ID None websocket alive with sequence 3.
2022-01-21 20:32:43,129:DEBUG:nextcord.gateway: For Shard ID None: WebSocket Event: {'t': None, 's': None, 'op': 11, 'd': None}
2022-01-21 20:33:24,341:DEBUG:nextcord.gateway: Keeping shard ID None websocket alive with sequence 3.
2022-01-21 20:33:24,384:DEBUG:nextcord.gateway: For Shard ID None: WebSocket Event: {'t': None, 's': None, 'op': 11, 'd': None}
2022-01-21 20:34:05,594:DEBUG:nextcord.gateway: Keeping shard ID None websocket alive with sequence 3.
2022-01-21 20:34:05,645:DEBUG:nextcord.gateway: For Shard ID None: WebSocket Event: {'t': None, 's': None, 'op': 11, 'd': None}
2022-01-21 20:34:46,846:DEBUG:nextcord.gateway: Keeping shard ID None websocket alive with sequence 3.
2022-01-21 20:34:46,894:DEBUG:nextcord.gateway: For Shard ID None: WebSocket Event: {'t': None, 's': None, 'op': 11, 'd': None}
2022-01-21 20:35:28,098:DEBUG:nextcord.gateway: Keeping shard ID None websocket alive with sequence 3.
2022-01-21 20:35:28,146:DEBUG:nextcord.gateway: For Shard ID None: WebSocket Event: {'t': None, 's': None, 'op': 11, 'd': None}
2022-01-21 20:36:09,350:DEBUG:nextcord.gateway: Keeping shard ID None websocket alive with sequence 3.
2022-01-21 20:36:09,394:DEBUG:nextcord.gateway: For Shard ID None: WebSocket Event: {'t': None, 's': None, 'op': 11, 'd': None}
2022-01-21 20:36:50,601:DEBUG:nextcord.gateway: Keeping shard ID None websocket alive with sequence 3.
2022-01-21 20:36:50,650:DEBUG:nextcord.gateway: For Shard ID None: WebSocket Event: {'t': None, 's': None, 'op': 11, 'd': None}
2022-01-21 20:37:31,852:DEBUG:nextcord.gateway: Keeping shard ID None websocket alive with sequence 3.
2022-01-21 20:37:31,894:DEBUG:nextcord.gateway: For Shard ID None: WebSocket Event: {'t': None, 's': None, 'op': 11, 'd': None}
2022-01-21 20:38:13,104:DEBUG:nextcord.gateway: Keeping shard ID None websocket alive with sequence 3.
2022-01-21 20:38:13,146:DEBUG:nextcord.gateway: For Shard ID None: WebSocket Event: {'t': None, 's': None, 'op': 11, 'd': None}
2022-01-21 20:38:54,355:DEBUG:nextcord.gateway: Keeping shard ID None websocket alive with sequence 3.
2022-01-21 20:38:54,395:DEBUG:nextcord.gateway: For Shard ID None: WebSocket Event: {'t': None, 's': None, 'op': 11, 'd': None}
2022-01-21 20:39:35,607:DEBUG:nextcord.gateway: Keeping shard ID None websocket alive with sequence 3.
2022-01-21 20:39:35,652:DEBUG:nextcord.gateway: For Shard ID None: WebSocket Event: {'t': None, 's': None, 'op': 11, 'd': None}
2022-01-21 20:40:16,858:DEBUG:nextcord.gateway: Keeping shard ID None websocket alive with sequence 3.
2022-01-21 20:40:16,901:DEBUG:nextcord.gateway: For Shard ID None: WebSocket Event: {'t': None, 's': None, 'op': 11, 'd': None}
2022-01-21 20:40:58,110:DEBUG:nextcord.gateway: Keeping shard ID None websocket alive with sequence 3.
2022-01-21 20:40:58,154:DEBUG:nextcord.gateway: For Shard ID None: WebSocket Event: {'t': None, 's': None, 'op': 11, 'd': None}
2022-01-21 20:41:39,361:DEBUG:nextcord.gateway: Keeping shard ID None websocket alive with sequence 3.
2022-01-21 20:41:39,408:DEBUG:nextcord.gateway: For Shard ID None: WebSocket Event: {'t': None, 's': None, 'op': 11, 'd': None}
2022-01-21 20:42:20,613:DEBUG:nextcord.gateway: Keeping shard ID None websocket alive with sequence 3.
2022-01-21 20:42:20,653:DEBUG:nextcord.gateway: For Shard ID None: WebSocket Event: {'t': None, 's': None, 'op': 11, 'd': None}
2022-01-21 20:43:01,864:DEBUG:nextcord.gateway: Keeping shard ID None websocket alive with sequence 3.
2022-01-21 20:43:01,903:DEBUG:nextcord.gateway: For Shard ID None: WebSocket Event: {'t': None, 's': None, 'op': 11, 'd': None}
2022-01-21 20:43:43,115:DEBUG:nextcord.gateway: Keeping shard ID None websocket alive with sequence 3.
2022-01-21 20:43:43,168:DEBUG:nextcord.gateway: For Shard ID None: WebSocket Event: {'t': None, 's': None, 'op': 11, 'd': None}
2022-01-21 20:44:24,367:DEBUG:nextcord.gateway: Keeping shard ID None websocket alive with sequence 3.
2022-01-21 20:44:24,411:DEBUG:nextcord.gateway: For Shard ID None: WebSocket Event: {'t': None, 's': None, 'op': 11, 'd': None}
2022-01-21 20:45:05,618:DEBUG:nextcord.gateway: Keeping shard ID None websocket alive with sequence 3.
2022-01-21 20:45:05,665:DEBUG:nextcord.gateway: For Shard ID None: WebSocket Event: {'t': None, 's': None, 'op': 11, 'd': None}
2022-01-21 20:45:46,871:DEBUG:nextcord.gateway: Keeping shard ID None websocket alive with sequence 3.
2022-01-21 20:45:46,911:DEBUG:nextcord.gateway: For Shard ID None: WebSocket Event: {'t': None, 's': None, 'op': 11, 'd': None}
2022-01-21 20:46:28,122:DEBUG:nextcord.gateway: Keeping shard ID None websocket alive with sequence 3.
2022-01-21 20:46:28,163:DEBUG:nextcord.gateway: For Shard ID None: WebSocket Event: {'t': None, 's': None, 'op': 11, 'd': None}
2022-01-21 20:47:09,382:DEBUG:nextcord.gateway: Keeping shard ID None websocket alive with sequence 3.
2022-01-21 20:47:09,422:DEBUG:nextcord.gateway: For Shard ID None: WebSocket Event: {'t': None, 's': None, 'op': 11, 'd': None}
2022-01-21 20:47:50,633:DEBUG:nextcord.gateway: Keeping shard ID None websocket alive with sequence 3.
2022-01-21 20:47:50,686:DEBUG:nextcord.gateway: For Shard ID None: WebSocket Event: {'t': None, 's': None, 'op': 11, 'd': None}
2022-01-21 20:48:31,889:DEBUG:nextcord.gateway: Keeping shard ID None websocket alive with sequence 3.
2022-01-21 20:48:31,934:DEBUG:nextcord.gateway: For Shard ID None: WebSocket Event: {'t': None, 's': None, 'op': 11, 'd': None}
2022-01-21 20:49:13,141:DEBUG:nextcord.gateway: Keeping shard ID None websocket alive with sequence 3.
2022-01-21 20:49:13,201:DEBUG:nextcord.gateway: For Shard ID None: WebSocket Event: {'t': None, 's': None, 'op': 11, 'd': None}
2022-01-21 20:49:54,395:DEBUG:nextcord.gateway: Keeping shard ID None websocket alive with sequence 3.
2022-01-21 20:49:54,435:DEBUG:nextcord.gateway: For Shard ID None: WebSocket Event: {'t': None, 's': None, 'op': 11, 'd': None}
2022-01-21 20:50:35,646:DEBUG:nextcord.gateway: Keeping shard ID None websocket alive with sequence 3.
2022-01-21 20:50:35,689:DEBUG:nextcord.gateway: For Shard ID None: WebSocket Event: {'t': None, 's': None, 'op': 11, 'd': None}
2022-01-21 20:51:16,898:DEBUG:nextcord.gateway: Keeping shard ID None websocket alive with sequence 3.
2022-01-21 20:51:16,956:DEBUG:nextcord.gateway: For Shard ID None: WebSocket Event: {'t': None, 's': None, 'op': 11, 'd': None}
2022-01-21 20:51:58,149:DEBUG:nextcord.gateway: Keeping shard ID None websocket alive with sequence 3.
2022-01-21 20:51:58,192:DEBUG:nextcord.gateway: For Shard ID None: WebSocket Event: {'t': None, 's': None, 'op': 11, 'd': None}
2022-01-21 20:52:39,402:DEBUG:nextcord.gateway: Keeping shard ID None websocket alive with sequence 3.
2022-01-21 20:52:39,454:DEBUG:nextcord.gateway: For Shard ID None: WebSocket Event: {'t': None, 's': None, 'op': 11, 'd': None}
2022-01-21 20:53:20,653:DEBUG:nextcord.gateway: Keeping shard ID None websocket alive with sequence 3.
2022-01-21 20:53:20,710:DEBUG:nextcord.gateway: For Shard ID None: WebSocket Event: {'t': None, 's': None, 'op': 11, 'd': None}
2022-01-21 20:54:01,905:DEBUG:nextcord.gateway: Keeping shard ID None websocket alive with sequence 3.
2022-01-21 20:54:01,945:DEBUG:nextcord.gateway: For Shard ID None: WebSocket Event: {'t': None, 's': None, 'op': 11, 'd': None}
2022-01-21 20:54:43,157:DEBUG:nextcord.gateway: Keeping shard ID None websocket alive with sequence 3.
2022-01-21 20:54:43,205:DEBUG:nextcord.gateway: For Shard ID None: WebSocket Event: {'t': None, 's': None, 'op': 11, 'd': None}
2022-01-21 20:55:24,408:DEBUG:nextcord.gateway: Keeping shard ID None websocket alive with sequence 3.
2022-01-21 20:55:24,451:DEBUG:nextcord.gateway: For Shard ID None: WebSocket Event: {'t': None, 's': None, 'op': 11, 'd': None}
2022-01-21 20:56:05,660:DEBUG:nextcord.gateway: Keeping shard ID None websocket alive with sequence 3.
2022-01-21 20:56:05,705:DEBUG:nextcord.gateway: For Shard ID None: WebSocket Event: {'t': None, 's': None, 'op': 11, 'd': None}
2022-01-21 20:56:46,911:DEBUG:nextcord.gateway: Keeping shard ID None websocket alive with sequence 3.
2022-01-21 20:56:46,964:DEBUG:nextcord.gateway: For Shard ID None: WebSocket Event: {'t': None, 's': None, 'op': 11, 'd': None}
2022-01-21 20:57:28,163:DEBUG:nextcord.gateway: Keeping shard ID None websocket alive with sequence 3.
2022-01-21 20:57:28,204:DEBUG:nextcord.gateway: For Shard ID None: WebSocket Event: {'t': None, 's': None, 'op': 11, 'd': None}
2022-01-21 20:58:09,415:DEBUG:nextcord.gateway: Keeping shard ID None websocket alive with sequence 3.
2022-01-21 20:58:09,456:DEBUG:nextcord.gateway: For Shard ID None: WebSocket Event: {'t': None, 's': None, 'op': 11, 'd': None}
2022-01-21 20:58:50,667:DEBUG:nextcord.gateway: Keeping shard ID None websocket alive with sequence 3.
2022-01-21 20:58:50,709:DEBUG:nextcord.gateway: For Shard ID None: WebSocket Event: {'t': None, 's': None, 'op': 11, 'd': None}
2022-01-21 20:59:31,919:DEBUG:nextcord.gateway: Keeping shard ID None websocket alive with sequence 3.
2022-01-21 20:59:31,962:DEBUG:nextcord.gateway: For Shard ID None: WebSocket Event: {'t': None, 's': None, 'op': 11, 'd': None}
2022-01-21 21:00:13,175:DEBUG:nextcord.gateway: Keeping shard ID None websocket alive with sequence 3.
2022-01-21 21:00:13,216:DEBUG:nextcord.gateway: For Shard ID None: WebSocket Event: {'t': None, 's': None, 'op': 11, 'd': None}
2022-01-21 21:00:54,427:DEBUG:nextcord.gateway: Keeping shard ID None websocket alive with sequence 3.
2022-01-21 21:00:54,485:DEBUG:nextcord.gateway: For Shard ID None: WebSocket Event: {'t': None, 's': None, 'op': 11, 'd': None}
2022-01-21 21:01:35,679:DEBUG:nextcord.gateway: Keeping shard ID None websocket alive with sequence 3.
2022-01-21 21:01:35,721:DEBUG:nextcord.gateway: For Shard ID None: WebSocket Event: {'t': None, 's': None, 'op': 11, 'd': None}
2022-01-21 21:02:16,932:DEBUG:nextcord.gateway: Keeping shard ID None websocket alive with sequence 3.
2022-01-21 21:02:16,976:DEBUG:nextcord.gateway: For Shard ID None: WebSocket Event: {'t': None, 's': None, 'op': 11, 'd': None}
2022-01-21 21:02:58,188:DEBUG:nextcord.gateway: Keeping shard ID None websocket alive with sequence 3.
2022-01-21 21:02:58,230:DEBUG:nextcord.gateway: For Shard ID None: WebSocket Event: {'t': None, 's': None, 'op': 11, 'd': None}
2022-01-21 21:03:39,439:DEBUG:nextcord.gateway: Keeping shard ID None websocket alive with sequence 3.
2022-01-21 21:03:39,480:DEBUG:nextcord.gateway: For Shard ID None: WebSocket Event: {'t': None, 's': None, 'op': 11, 'd': None}
2022-01-21 21:04:20,690:DEBUG:nextcord.gateway: Keeping shard ID None websocket alive with sequence 3.
2022-01-21 21:04:20,737:DEBUG:nextcord.gateway: For Shard ID None: WebSocket Event: {'t': None, 's': None, 'op': 11, 'd': None}
2022-01-21 21:05:01,942:DEBUG:nextcord.gateway: Keeping shard ID None websocket alive with sequence 3.
2022-01-21 21:05:01,984:DEBUG:nextcord.gateway: For Shard ID None: WebSocket Event: {'t': None, 's': None, 'op': 11, 'd': None}
2022-01-21 21:05:43,193:DEBUG:nextcord.gateway: Keeping shard ID None websocket alive with sequence 3.
2022-01-21 21:05:43,235:DEBUG:nextcord.gateway: For Shard ID None: WebSocket Event: {'t': None, 's': None, 'op': 11, 'd': None}
2022-01-21 21:06:24,445:DEBUG:nextcord.gateway: Keeping shard ID None websocket alive with sequence 3.
2022-01-21 21:06:24,494:DEBUG:nextcord.gateway: For Shard ID None: WebSocket Event: {'t': None, 's': None, 'op': 11, 'd': None}
2022-01-21 21:07:05,696:DEBUG:nextcord.gateway: Keeping shard ID None websocket alive with sequence 3.
2022-01-21 21:07:05,737:DEBUG:nextcord.gateway: For Shard ID None: WebSocket Event: {'t': None, 's': None, 'op': 11, 'd': None}
2022-01-21 21:07:46,948:DEBUG:nextcord.gateway: Keeping shard ID None websocket alive with sequence 3.
2022-01-21 21:07:46,988:DEBUG:nextcord.gateway: For Shard ID None: WebSocket Event: {'t': None, 's': None, 'op': 11, 'd': None}
2022-01-21 21:08:28,204:DEBUG:nextcord.gateway: Keeping shard ID None websocket alive with sequence 3.
2022-01-21 21:08:28,245:DEBUG:nextcord.gateway: For Shard ID None: WebSocket Event: {'t': None, 's': None, 'op': 11, 'd': None}
2022-01-21 21:09:09,456:DEBUG:nextcord.gateway: Keeping shard ID None websocket alive with sequence 3.
2022-01-21 21:09:09,498:DEBUG:nextcord.gateway: For Shard ID None: WebSocket Event: {'t': None, 's': None, 'op': 11, 'd': None}
2022-01-21 21:09:50,707:DEBUG:nextcord.gateway: Keeping shard ID None websocket alive with sequence 3.
2022-01-21 21:09:50,749:DEBUG:nextcord.gateway: For Shard ID None: WebSocket Event: {'t': None, 's': None, 'op': 11, 'd': None}
2022-01-21 21:10:31,959:DEBUG:nextcord.gateway: Keeping shard ID None websocket alive with sequence 3.
2022-01-21 21:10:32,009:DEBUG:nextcord.gateway: For Shard ID None: WebSocket Event: {'t': None, 's': None, 'op': 11, 'd': None}
2022-01-21 21:11:13,210:DEBUG:nextcord.gateway: Keeping shard ID None websocket alive with sequence 3.
2022-01-21 21:11:13,254:DEBUG:nextcord.gateway: For Shard ID None: WebSocket Event: {'t': None, 's': None, 'op': 11, 'd': None}
2022-01-21 21:11:54,464:DEBUG:nextcord.gateway: Keeping shard ID None websocket alive with sequence 3.
2022-01-21 21:11:54,506:DEBUG:nextcord.gateway: For Shard ID None: WebSocket Event: {'t': None, 's': None, 'op': 11, 'd': None}
2022-01-21 21:12:35,715:DEBUG:nextcord.gateway: Keeping shard ID None websocket alive with sequence 3.
2022-01-21 21:12:35,757:DEBUG:nextcord.gateway: For Shard ID None: WebSocket Event: {'t': None, 's': None, 'op': 11, 'd': None}
2022-01-21 21:12:54,948:INFO:nextcord.client: Cleaning up tasks.
2022-01-21 21:12:54,948:INFO:nextcord.client: Cleaning up after 1 tasks.
