2022-01-21 19:12:30,556:WARNING:nextcord.client: PyNaCl is not installed, voice will NOT be supported
2022-01-21 19:12:30,557:DEBUG:nextcord.client: on_ready has successfully been registered as an event
2022-01-21 19:12:30,558:DEBUG:nextcord.client: on_member_join has successfully been registered as an event
2022-01-21 19:12:30,558:DEBUG:nextcord.client: on_message has successfully been registered as an event
2022-01-21 19:12:30,558:DEBUG:nextcord.client: guild_available has successfully been registered as an event
2022-01-21 19:12:30,564:INFO:nextcord.client: logging in using static token
2022-01-21 19:12:30,776:DEBUG:nextcord.http: GET https://discord.com/api/v9/users/@me with None has returned 200
2022-01-21 19:12:30,778:DEBUG:nextcord.http: GET https://discord.com/api/v9/users/@me has received {'id': '926290437545791508', 'username': 'Twosided Yt Server', 'avatar': None, 'discriminator': '3622', 'public_flags': 0, 'flags': 0, 'bot': True, 'banner': None, 'banner_color': None, 'accent_color': None, 'bio': '', 'locale': 'en-US', 'mfa_enabled': True, 'email': None, 'verified': True}
2022-01-21 19:12:30,801:DEBUG:nextcord.http: GET https://discord.com/api/v9/gateway with None has returned 200
2022-01-21 19:12:30,801:DEBUG:nextcord.http: GET https://discord.com/api/v9/gateway has received {'url': 'wss://gateway.discord.gg'}
2022-01-21 19:12:30,902:DEBUG:nextcord.gateway: Created websocket connected to wss://gateway.discord.gg?encoding=json&v=9&compress=zlib-stream
2022-01-21 19:12:30,902:DEBUG:nextcord.gateway: For Shard ID None: WebSocket Event: {'t': None, 's': None, 'op': 10, 'd': {'heartbeat_interval': 41250, '_trace': ['["gateway-prd-main-6mgz",{"micros":0.0}]']}}
2022-01-21 19:12:30,903:INFO:nextcord.gateway: Shard ID None has sent the IDENTIFY payload.
2022-01-21 19:12:30,944:DEBUG:nextcord.gateway: For Shard ID None: WebSocket Event: {'t': None, 's': None, 'op': 11, 'd': None}
2022-01-21 19:12:30,988:DEBUG:nextcord.gateway: For Shard ID None: WebSocket Event: {'t': 'READY', 's': 1, 'op': 0, 'd': {'v': 9, 'user_settings': {}, 'user': {'verified': True, 'username': 'Twosided Yt Server', 'mfa_enabled': True, 'id': '926290437545791508', 'flags': 0, 'email': None, 'discriminator': '3622', 'bot': True, 'avatar': None}, 'session_id': 'a77137bb812f8af6c3b52e921b0d5618', 'relationships': [], 'private_channels': [], 'presences': [], 'guilds': [{'unavailable': True, 'id': '924785617940938753'}], 'guild_join_requests': [], 'geo_ordered_rtc_regions': ['us-central', 'us-south', 'atlanta', 'us-east', 'newark'], 'application': {'id': '926290437545791508', 'flags': 262144}, '_trace': ['["gateway-prd-main-6mgz",{"micros":44814,"calls":["discord-sessions-blue-prd-2-19",{"micros":43553,"calls":["start_session",{"micros":30934,"calls":["discord-api-c8d57d9bb-9q8j9",{"micros":26487,"calls":["get_user",{"micros":3338},"add_authorized_ip",{"micros":1558},"get_guilds",{"micros":3119},"coros_wait",{"micros":2}]}]},"guilds_connect",{"micros":1,"calls":[]},"presence_connect",{"micros":4023,"calls":[]}]}]}]']}}
2022-01-21 19:12:30,988:DEBUG:nextcord.client: Dispatching event socket_event_type
2022-01-21 19:12:30,988:INFO:nextcord.gateway: Shard ID None has connected to Gateway: ["gateway-prd-main-6mgz",{"micros":44814,"calls":["discord-sessions-blue-prd-2-19",{"micros":43553,"calls":["start_session",{"micros":30934,"calls":["discord-api-c8d57d9bb-9q8j9",{"micros":26487,"calls":["get_user",{"micros":3338},"add_authorized_ip",{"micros":1558},"get_guilds",{"micros":3119},"coros_wait",{"micros":2}]}]},"guilds_connect",{"micros":1,"calls":[]},"presence_connect",{"micros":4023,"calls":[]}]}]}] (Session ID: a77137bb812f8af6c3b52e921b0d5618).
2022-01-21 19:12:30,989:DEBUG:nextcord.client: Dispatching event connect
2022-01-21 19:12:30,991:DEBUG:nextcord.gateway: For Shard ID None: WebSocket Event: {'t': 'GUILD_MEMBER_UPDATE', 's': 2, 'op': 0, 'd': {'user': {'username': 'Twosided Yt Server', 'id': '926290437545791508', 'discriminator': '3622', 'bot': True, 'avatar': None}, 'roles': ['929584972476592169', '929584969356029962', '926291093606252606'], 'premium_since': None, 'pending': False, 'nick': None, 'mute': False, 'joined_at': '2021-12-31T01:50:06.471207+00:00', 'hoisted_role': '929584972476592169', 'guild_id': '924785617940938753', 'deaf': False, 'communication_disabled_until': None, 'avatar': None}}
2022-01-21 19:12:30,991:DEBUG:nextcord.client: Dispatching event socket_event_type
2022-01-21 19:12:30,991:DEBUG:nextcord.state: GUILD_MEMBER_UPDATE referencing an unknown member ID: 926290437545791508. Discarding.
2022-01-21 19:12:30,992:DEBUG:nextcord.gateway: For Shard ID None: WebSocket Event: {'t': 'GUILD_CREATE', 's': 3, 'op': 0, 'd': {'guild_hashes': {'version': 1, 'roles': {'omitted': False, 'hash': 'M7jRxp7d+Lc'}, 'metadata': {'omitted': False, 'hash': 'kGZNzpYkDHE'}, 'channels': {'omitted': False, 'hash': 'q0B6D3LRPVk'}}, 'premium_tier': 0, 'name': 'TwoSided Yt discord server', 'system_channel_id': None, 'description': None, 'application_command_count': 21, 'verification_level': 3, 'discovery_splash': None, 'premium_subscription_count': 0, 'lazy': True, 'vanity_url_code': None, 'members': [{'user': {'username': 'Twosided Yt Server', 'id': '926290437545791508', 'discriminator': '3622', 'bot': True, 'avatar': None}, 'roles': ['929584972476592169', '929584969356029962', '926291093606252606'], 'premium_since': None, 'pending': False, 'nick': None, 'mute': False, 'joined_at': '2021-12-31T01:50:06.471207+00:00', 'hoisted_role': '929584972476592169', 'deaf': False, 'communication_disabled_until': None, 'avatar': None}], 'afk_channel_id': None, 'joined_at': '2021-12-31T01:50:06.471207+00:00', 'banner': None, 'splash': None, 'region': 'deprecated', 'stage_instances': [], 'nsfw': False, 'application_id': None, 'embedded_activities': [], 'max_members': 250000, 'default_message_notifications': 1, 'guild_scheduled_events': [], 'premium_progress_bar_enabled': True, 'emojis': [], 'features': ['COMMUNITY', 'NEWS'], 'hub_type': None, 'voice_states': [], 'unavailable': False, 'threads': [], 'mfa_level': 0, 'member_count': 21, 'large': False, 'explicit_content_filter': 2, 'public_updates_channel_id': '929584994630926367', 'icon': '050eff2c5393a0e0b7beee6f32b31387', 'system_channel_flags': 0, 'id': '924785617940938753', 'owner_id': '911773312626081842', 'max_video_channel_users': 25, 'channels': [{'type': 4, 'position': 0, 'permission_overwrites': [{'type': 0, 'id': '924785617940938753', 'deny': '2112', 'allow': '0'}, {'type': 0, 'id': '929584970291376128', 'deny': '0', 'allow': '2112'}, {'type': 0, 'id': '929584971079901185', 'deny': '0', 'allow': '2112'}, {'type': 0, 'id': '929584972476592169', 'deny': '2048', 'allow': '64'}], 'parent_id': None, 'nsfw': False, 'name': 'IMPORTANT', 'id': '929584975441985596'}, {'type': 4, 'position': 2, 'permission_overwrites': [{'type': 0, 'id': '924785617940938753', 'deny': '2100288', 'allow': '0'}, {'type': 0, 'id': '929584972476592169', 'deny': '0', 'allow': '2099264'}], 'parent_id': None, 'nsfw': False, 'name': 'SERVER DISCUSSION', 'id': '929584975899152455'}, {'type': 4, 'position': 3, 'permission_overwrites': [{'type': 0, 'id': '924785617940938753', 'deny': '3148800', 'allow': '64'}, {'type': 0, 'id': '929584972476592169', 'deny': '0', 'allow': '2100288'}], 'parent_id': None, 'nsfw': False, 'name': 'OTHER', 'id': '929584976884797460'}, {'type': 4, 'position': 4, 'permission_overwrites': [{'type': 0, 'id': '929584972476592169', 'deny': '0', 'allow': '2361408'}, {'type': 0, 'id': '924785617940938753', 'deny': '2097232', 'allow': '2048'}, {'type': 0, 'id': '929584973709738024', 'deny': '0', 'allow': '2361408'}], 'parent_id': None, 'nsfw': False, 'name': 'ALL THE BOTS', 'id': '929584977807556648'}, {'type': 4, 'position': 5, 'permission_overwrites': [{'type': 0, 'id': '929584972476592169', 'deny': '2097152', 'allow': '1312832'}, {'type': 0, 'id': '929584973709738024', 'deny': '0', 'allow': '2361408'}, {'type': 0, 'id': '924785617940938753', 'deny': '1024', 'allow': '2361408'}], 'parent_id': None, 'nsfw': False, 'name': 'MUSIC IS SEPERATED', 'id': '929584978545750057'}, {'type': 4, 'position': 6, 'permission_overwrites': [{'type': 0, 'id': '924785617940938753', 'deny': '17828864', 'allow': '0'}, {'type': 0, 'id': '929584972476592169', 'deny': '17828864', 'allow': '0'}, {'type': 0, 'id': '929584973709738024', 'deny': '16777216', 'allow': '1051648'}, {'type': 0, 'id': '929584971079901185', 'deny': '0', 'allow': '17837056'}, {'type': 0, 'id': '929584970291376128', 'deny': '0', 'allow': '17837056'}], 'parent_id': None, 'nsfw': False, 'name': 'STAFF', 'id': '929584979258802186'}, {'user_limit': 8, 'type': 2, 'rtc_region': None, 'position': 0, 'permission_overwrites': [{'type': 0, 'id': '929584972476592169', 'deny': '0', 'allow': '2099264'}, {'type': 0, 'id': '924785617940938753', 'deny': '0', 'allow': '3147840'}], 'parent_id': '929584976884797460', 'nsfw': False, 'name': 'Gaming Sweatroom', 'last_message_id': None, 'id': '929584980756164648', 'bitrate': 64000}, {'type': 0, 'topic': 'Because every good Discord server has them.', 'rate_limit_per_user': 0, 'position': 1, 'permission_overwrites': [{'type': 0, 'id': '929584971079901185', 'deny': '0', 'allow': '2112'}, {'type': 0, 'id': '929584970291376128', 'deny': '0', 'allow': '2112'}, {'type': 0, 'id': '929584972476592169', 'deny': '2048', 'allow': '64'}, {'type': 0, 'id': '924785617940938753', 'deny': '2048', 'allow': '64'}], 'parent_id': '929584975441985596', 'nsfw': False, 'name': 'rules', 'last_message_id': '933549341426188288', 'id': '929584981590806578'}, {'user_limit': 0, 'type': 2, 'rtc_region': None, 'position': 2, 'permission_overwrites': [{'type': 0, 'id': '924785617940938753', 'deny': '2361408', 'allow': '1048576'}], 'parent_id': '929584978545750057', 'nsfw': False, 'name': 'music', 'last_message_id': None, 'id': '929584982622605363', 'bitrate': 64000}, {'type': 0, 'topic': 'Just for general discussion about the **server.**', 'rate_limit_per_user': 0, 'position': 6, 'permission_overwrites': [{'type': 0, 'id': '929584972476592169', 'deny': '137439145984', 'allow': '380104936512'}, {'type': 0, 'id': '924785617940938753', 'deny': '2149440', 'allow': '0'}], 'parent_id': '929584975899152455', 'nsfw': False, 'name': 'general', 'last_message_id': '934135192296259676', 'id': '929584983616659508'}, {'user_limit': 0, 'type': 2, 'rtc_region': None, 'position': 3, 'permission_overwrites': [{'type': 0, 'id': '929584970291376128', 'deny': '0', 'allow': '17837056'}, {'type': 0, 'id': '924785617940938753', 'deny': '17828864', 'allow': '0'}], 'parent_id': '929584979258802186', 'nsfw': False, 'name': 'Staff Voicings', 'last_message_id': None, 'id': '929584984438734858', 'bitrate': 64000}, {'type': 0, 'topic': 'Images of your plot, skyblock island, or any builds you have on Red.', 'rate_limit_per_user': 0, 'position': 5, 'permission_overwrites': [{'type': 0, 'id': '924785617940938753', 'deny': '2100288', 'allow': '0'}], 'parent_id': '929584975899152455', 'nsfw': False, 'name': 'images', 'last_message_id': '933920363639865415', 'id': '929584985361506364'}, {'type': 0, 'topic': 'Epic gamer moments you want to share your friends.', 'rate_limit_per_user': 0, 'position': 7, 'permission_overwrites': [{'type': 0, 'id': '924785617940938753', 'deny': '2100288', 'allow': '0'}], 'parent_id': '929584975899152455', 'nsfw': False, 'name': 'videos', 'last_message_id': None, 'id': '929584986506530907'}, {'type': 0, 'topic': 'Advertisements for items or builds on the server, **not anywhere else.**', 'rate_limit_per_user': 0, 'position': 8, 'permission_overwrites': [{'type': 0, 'id': '929584972476592169', 'deny': '0', 'allow': '3072'}, {'type': 0, 'id': '924785617940938753', 'deny': '2100224', 'allow': '64'}], 'parent_id': '929584975899152455', 'nsfw': False, 'name': 'in-game-adverts', 'last_pin_timestamp': '2022-01-10T03:11:51+00:00', 'last_message_id': '932084701680791582', 'id': '929584987374780446'}, {'type': 0, 'topic': "Any services you're giving out **in game.**", 'rate_limit_per_user': 0, 'position': 9, 'permission_overwrites': [{'type': 0, 'id': '924785617940938753', 'deny': '2100224', 'allow': '64'}, {'type': 0, 'id': '929584972476592169', 'deny': '0', 'allow': '3072'}], 'parent_id': '929584975899152455', 'nsfw': False, 'name': 'marketplace', 'last_message_id': None, 'id': '929584988238782524'}, {'type': 0, 'topic': 'Any discussion about **Minecraft.**', 'rate_limit_per_user': 0, 'position': 10, 'permission_overwrites': [{'type': 0, 'id': '924785617940938753', 'deny': '2097152', 'allow': '2112'}], 'parent_id': '929584976884797460', 'nsfw': False, 'name': 'minecraft', 'last_message_id': '933937934611140608', 'id': '929584989329317979'}, {'type': 0, 'topic': 'Any games, at ALL.', 'rate_limit_per_user': 0, 'position': 11, 'permission_overwrites': [{'type': 0, 'id': '924785617940938753', 'deny': '2097152', 'allow': '2112'}], 'parent_id': '929584976884797460', 'nsfw': False, 'name': 'any-games', 'last_message_id': '931365288832823366', 'id': '929584990092668979'}, {'type': 0, 'topic': 'Because people want to get in their real social life.', 'rate_limit_per_user': 0, 'position': 12, 'permission_overwrites': [{'type': 0, 'id': '924785617940938753', 'deny': '2097152', 'allow': '2112'}], 'parent_id': '929584976884797460', 'nsfw': False, 'name': 'irl', 'last_message_id': None, 'id': '929584990847655936'}, {'type': 0, 'topic': 'Adverts for any **Minecraft servers** you might want to advert.', 'rate_limit_per_user': 0, 'position': 13, 'permission_overwrites': [{'type': 0, 'id': '924785617940938753', 'deny': '2097152', 'allow': '2112'}], 'parent_id': '929584976884797460', 'nsfw': False, 'name': 'minecraft-server-adverts', 'last_message_id': None, 'id': '929584991900434432'}, {'type': 0, 'topic': '"Does what it says on the tin." - Carl 20xx', 'rate_limit_per_user': 0, 'position': 14, 'permission_overwrites': [{'type': 0, 'id': '924785617940938753', 'deny': '2099264', 'allow': '0'}], 'parent_id': '929584976884797460', 'nsfw': False, 'name': 'spam-my-man', 'last_message_id': None, 'id': '929584992919629844'}, {'type': 0, 'topic': 'It should be named misc. but who cares?', 'rate_limit_per_user': 0, 'position': 15, 'permission_overwrites': [{'type': 0, 'id': '924785617940938753', 'deny': '2097216', 'allow': '3072'}], 'parent_id': '929584977807556648', 'nsfw': False, 'name': 'general', 'last_message_id': '933952771609223168', 'id': '929584993808822312'}, {'type': 0, 'topic': 'All mods have it. A channel to their own. (only for bot usage)', 'rate_limit_per_user': 0, 'position': 16, 'permission_overwrites': [{'type': 0, 'id': '924785617940938753', 'deny': '2100288', 'allow': '0'}], 'parent_id': '929584977807556648', 'nsfw': False, 'name': 'moderation', 'last_message_id': '933894284707504130', 'id': '929584994630926367'}, {'type': 0, 'topic': "It's too spammy. I hate it.", 'rate_limit_per_user': 0, 'position': 17, 'permission_overwrites': [{'type': 0, 'id': '924785617940938753', 'deny': '2099264', 'allow': '0'}], 'parent_id': '929584977807556648', 'nsfw': False, 'name': 'levelcheck', 'last_message_id': None, 'id': '929584995432009758'}, {'type': 0, 'topic': 'Just here for the ride, and to be a translator.', 'rate_limit_per_user': 0, 'position': 18, 'permission_overwrites': [{'type': 0, 'id': '924785617940938753', 'deny': '2097152', 'allow': '264256'}], 'parent_id': '929584978545750057', 'nsfw': False, 'name': 'music-requesting', 'last_message_id': '931042990946938910', 'id': '929584996170203136'}, {'type': 0, 'topic': "To the non-staff viewing this, discord's going to be searching for you.", 'rate_limit_per_user': 0, 'position': 19, 'permission_overwrites': [{'type': 0, 'id': '924785617940938753', 'deny': '17828864', 'allow': '0'}], 'parent_id': '929584979258802186', 'nsfw': False, 'name': 'staff-chat', 'last_message_id': None, 'id': '929584997474664508'}, {'user_limit': 0, 'type': 2, 'rtc_region': None, 'position': 1, 'permission_overwrites': [{'type': 0, 'id': '929584972476592169', 'deny': '0', 'allow': '2099264'}, {'type': 0, 'id': '924785617940938753', 'deny': '2112', 'allow': '3146752'}], 'parent_id': '929584976884797460', 'nsfw': False, 'name': 'game time', 'last_message_id': None, 'id': '929588814421295154', 'bitrate': 64000}, {'type': 5, 'topic': None, 'position': 2, 'permission_overwrites': [{'type': 0, 'id': '929584971079901185', 'deny': '0', 'allow': '2112'}, {'type': 0, 'id': '929584970291376128', 'deny': '0', 'allow': '2112'}, {'type': 0, 'id': '924785617940938753', 'deny': '2112', 'allow': '0'}, {'type': 0, 'id': '929584972476592169', 'deny': '2048', 'allow': '64'}], 'parent_id': '929584975441985596', 'nsfw': False, 'name': 'announcments-or-changes', 'last_message_id': '933895513336598638', 'id': '929933232789672027'}, {'type': 0, 'topic': 'Please put your age range and Minecraft username here:', 'rate_limit_per_user': 0, 'position': 0, 'permission_overwrites': [{'type': 0, 'id': '924893234826727475', 'deny': '1024', 'allow': '0'}, {'type': 0, 'id': '924785617940938753', 'deny': '65536', 'allow': '3072'}, {'type': 0, 'id': '929489624689147935', 'deny': '1024', 'allow': '0'}, {'type': 0, 'id': '929584972476592169', 'deny': '1024', 'allow': '0'}], 'parent_id': None, 'nsfw': False, 'name': 'verify', 'last_pin_timestamp': '2022-01-19T23:45:42+00:00', 'last_message_id': '934077665877557318', 'id': '933507428438376479'}, {'type': 5, 'topic': None, 'position': 3, 'permission_overwrites': [{'type': 0, 'id': '933507025248325662', 'deny': '0', 'allow': '1049600'}, {'type': 0, 'id': '924785617940938753', 'deny': '1050624', 'allow': '1024'}], 'parent_id': '933547205007126638', 'nsfw': False, 'name': 'showiers-anticheat-updates', 'last_message_id': '933554176787636224', 'id': '933540450084728843'}, {'type': 4, 'position': 1, 'permission_overwrites': [{'type': 0, 'id': '924785617940938753', 'deny': '1049600', 'allow': '0'}, {'type': 0, 'id': '933507025248325662', 'deny': '0', 'allow': '1049600'}], 'parent_id': None, 'nsfw': False, 'name': "Shower's anti_cheat", 'id': '933547205007126638'}, {'type': 0, 'topic': None, 'rate_limit_per_user': 0, 'position': 4, 'permission_overwrites': [{'type': 0, 'id': '924785617940938753', 'deny': '1049600', 'allow': '0'}, {'type': 0, 'id': '933507025248325662', 'deny': '0', 'allow': '1049600'}], 'parent_id': '933547205007126638', 'nsfw': False, 'name': 'anti-cheat-discussion', 'last_message_id': None, 'id': '933547473245450291'}], 'nsfw_level': 0, 'rules_channel_id': '929584981590806578', 'preferred_locale': 'en-US', 'application_command_counts': {'3': 0, '2': 0, '1': 21}, 'presences': [], 'stickers': [], 'roles': [{'unicode_emoji': None, 'position': 0, 'permissions': '549755813888', 'name': '@everyone', 'mentionable': False, 'managed': False, 'id': '924785617940938753', 'icon': None, 'hoist': False, 'color': 0}, {'unicode_emoji': None, 'position': 19, 'permissions': '1071698660937', 'name': 'Admin guy', 'mentionable': False, 'managed': False, 'id': '924891138249330708', 'icon': None, 'hoist': True, 'color': 14103594}, {'unicode_emoji': None, 'position': 3, 'permissions': '1071698480705', 'name': 'Member', 'mentionable': False, 'managed': False, 'id': '924893234826727475', 'icon': None, 'hoist': True, 'color': 0}, {'unicode_emoji': None, 'position': 20, 'permissions': '1071698529857', 'name': '🦆 Owner', 'mentionable': False, 'managed': False, 'id': '924893335569715281', 'icon': None, 'hoist': True, 'color': 15844367}, {'unicode_emoji': None, 'position': 8, 'permissions': '1071698529857', 'name': 'Staff', 'mentionable': True, 'managed': False, 'id': '924893990409621554', 'icon': None, 'hoist': True, 'color': 1752220}, {'unicode_emoji': None, 'position': 14, 'permissions': '1089041985479', 'name': 'senior moderator', 'mentionable': False, 'managed': False, 'id': '924894193447481485', 'icon': None, 'hoist': True, 'color': 0}, {'unicode_emoji': None, 'position': 13, 'permissions': '2171356966471', 'name': 'Normal Mod', 'mentionable': False, 'managed': False, 'id': '924894762371256360', 'icon': None, 'hoist': True, 'color': 0}, {'unicode_emoji': None, 'position': 12, 'permissions': '1071832747587', 'name': 'Assistant Mod', 'mentionable': False, 'managed': False, 'id': '924894985709559828', 'icon': None, 'hoist': False, 'color': 0}, {'unicode_emoji': None, 'position': 9, 'permissions': '1071698529857', 'name': 'Helper', 'mentionable': True, 'managed': False, 'id': '924895579002253313', 'icon': None, 'hoist': True, 'color': 0}, {'unicode_emoji': None, 'tags': {'bot_id': '416358583220043796'}, 'position': 6, 'permissions': '8', 'name': 'Xenon', 'mentionable': False, 'managed': True, 'id': '924896371209809971', 'icon': None, 'hoist': False, 'color': 0}, {'unicode_emoji': None, 'tags': {'bot_id': '926290437545791508'}, 'position': 17, 'permissions': '8', 'name': 'Twosided Yt Server', 'mentionable': False, 'managed': True, 'id': '926291093606252606', 'icon': None, 'hoist': False, 'color': 0}, {'unicode_emoji': None, 'position': 4, 'permissions': '1071698529857', 'name': 'OG', 'mentionable': False, 'managed': False, 'id': '929489624689147935', 'icon': None, 'hoist': True, 'color': 14988288}, {'unicode_emoji': None, 'position': 21, 'permissions': '1033', 'name': '[HIDDEN] Overpowering Bot', 'mentionable': False, 'managed': False, 'id': '929584969356029962', 'icon': None, 'hoist': False, 'color': 0}, {'unicode_emoji': None, 'position': 18, 'permissions': '104324681', 'name': 'Owner', 'mentionable': False, 'managed': False, 'id': '929584970291376128', 'icon': None, 'hoist': True, 'color': 7602020}, {'unicode_emoji': None, 'position': 15, 'permissions': '2146959319', 'name': 'Admin', 'mentionable': False, 'managed': False, 'id': '929584971079901185', 'icon': None, 'hoist': True, 'color': 15776339}, {'unicode_emoji': None, 'position': 11, 'permissions': '259391043', 'name': 'Moderator', 'mentionable': False, 'managed': False, 'id': '929584971977482310', 'icon': None, 'hoist': True, 'color': 5597948}, {'unicode_emoji': None, 'position': 2, 'permissions': '104140353', 'name': 'Verified', 'mentionable': False, 'managed': False, 'id': '929584972476592169', 'icon': None, 'hoist': True, 'color': 15612474}, {'unicode_emoji': None, 'position': 16, 'permissions': '1033', 'name': 'Bot', 'mentionable': False, 'managed': False, 'id': '929584973709738024', 'icon': None, 'hoist': True, 'color': 2105387}, {'unicode_emoji': None, 'position': 1, 'permissions': '0', 'name': 'Banned exploiter', 'mentionable': False, 'managed': False, 'id': '932409957813461063', 'icon': None, 'hoist': False, 'color': 3447003}, {'unicode_emoji': None, 'position': 22, 'permissions': '549755814912', 'name': 'time out chair', 'mentionable': False, 'managed': False, 'id': '932714730081095740', 'icon': None, 'hoist': False, 'color': 15844367}, {'unicode_emoji': None, 'position': 5, 'permissions': '927712936961', 'name': 'AntiCheat Area Accsess', 'mentionable': False, 'managed': False, 'id': '933507025248325662', 'icon': None, 'hoist': False, 'color': 0}, {'unicode_emoji': None, 'position': 10, 'permissions': '927712936961', 'name': 'Age mod', 'mentionable': False, 'managed': False, 'id': '933507031174897695', 'icon': None, 'hoist': True, 'color': 2588365}, {'unicode_emoji': None, 'tags': {'bot_id': '235148962103951360'}, 'position': 7, 'permissions': '1945894079', 'name': 'carl-bot', 'mentionable': False, 'managed': True, 'id': '933547790297083904', 'icon': None, 'hoist': False, 'color': 0}], 'afk_timeout': 300}}
2022-01-21 19:12:30,994:DEBUG:nextcord.client: Dispatching event socket_event_type
2022-01-21 19:12:30,995:DEBUG:nextcord.client: Dispatching event guild_available
2022-01-21 19:12:30,995:INFO:nextcord.client: No locally added commands explicitly registered for TwoSided Yt discord server|924785617940938753, not checking.
2022-01-21 19:12:31,087:DEBUG:nextcord.http: GET https://discord.com/api/v9/applications/926290437545791508/commands with None has returned 200
2022-01-21 19:12:31,087:DEBUG:nextcord.http: GET https://discord.com/api/v9/applications/926290437545791508/commands has received []
2022-01-21 19:12:31,185:DEBUG:nextcord.http: GET https://discord.com/api/v9/applications/926290437545791508/commands with None has returned 200
2022-01-21 19:12:31,186:DEBUG:nextcord.http: GET https://discord.com/api/v9/applications/926290437545791508/commands has received []
2022-01-21 19:12:31,257:DEBUG:nextcord.http: GET https://discord.com/api/v9/applications/926290437545791508/commands with None has returned 200
2022-01-21 19:12:31,257:DEBUG:nextcord.http: GET https://discord.com/api/v9/applications/926290437545791508/commands has received []
2022-01-21 19:12:32,998:DEBUG:nextcord.client: Dispatching event ready
2022-01-21 19:13:12,153:DEBUG:nextcord.gateway: Keeping shard ID None websocket alive with sequence 3.
2022-01-21 19:13:12,193:DEBUG:nextcord.gateway: For Shard ID None: WebSocket Event: {'t': None, 's': None, 'op': 11, 'd': None}
2022-01-21 19:13:53,404:DEBUG:nextcord.gateway: Keeping shard ID None websocket alive with sequence 3.
2022-01-21 19:13:53,445:DEBUG:nextcord.gateway: For Shard ID None: WebSocket Event: {'t': None, 's': None, 'op': 11, 'd': None}
2022-01-21 19:14:34,656:DEBUG:nextcord.gateway: Keeping shard ID None websocket alive with sequence 3.
2022-01-21 19:14:34,696:DEBUG:nextcord.gateway: For Shard ID None: WebSocket Event: {'t': None, 's': None, 'op': 11, 'd': None}
2022-01-21 19:15:15,908:DEBUG:nextcord.gateway: Keeping shard ID None websocket alive with sequence 3.
2022-01-21 19:15:15,947:DEBUG:nextcord.gateway: For Shard ID None: WebSocket Event: {'t': None, 's': None, 'op': 11, 'd': None}
2022-01-21 19:15:57,163:DEBUG:nextcord.gateway: Keeping shard ID None websocket alive with sequence 3.
2022-01-21 19:15:57,204:DEBUG:nextcord.gateway: For Shard ID None: WebSocket Event: {'t': None, 's': None, 'op': 11, 'd': None}
2022-01-21 19:16:38,421:DEBUG:nextcord.gateway: Keeping shard ID None websocket alive with sequence 3.
2022-01-21 19:16:38,468:DEBUG:nextcord.gateway: For Shard ID None: WebSocket Event: {'t': None, 's': None, 'op': 11, 'd': None}
2022-01-21 19:17:19,673:DEBUG:nextcord.gateway: Keeping shard ID None websocket alive with sequence 3.
2022-01-21 19:17:19,718:DEBUG:nextcord.gateway: For Shard ID None: WebSocket Event: {'t': None, 's': None, 'op': 11, 'd': None}
2022-01-21 19:18:00,925:DEBUG:nextcord.gateway: Keeping shard ID None websocket alive with sequence 3.
2022-01-21 19:18:00,963:DEBUG:nextcord.gateway: For Shard ID None: WebSocket Event: {'t': None, 's': None, 'op': 11, 'd': None}
2022-01-21 19:18:42,176:DEBUG:nextcord.gateway: Keeping shard ID None websocket alive with sequence 3.
2022-01-21 19:18:42,230:DEBUG:nextcord.gateway: For Shard ID None: WebSocket Event: {'t': None, 's': None, 'op': 11, 'd': None}
2022-01-21 19:19:23,427:DEBUG:nextcord.gateway: Keeping shard ID None websocket alive with sequence 3.
2022-01-21 19:19:23,484:DEBUG:nextcord.gateway: For Shard ID None: WebSocket Event: {'t': None, 's': None, 'op': 11, 'd': None}
2022-01-21 19:20:04,679:DEBUG:nextcord.gateway: Keeping shard ID None websocket alive with sequence 3.
2022-01-21 19:20:04,720:DEBUG:nextcord.gateway: For Shard ID None: WebSocket Event: {'t': None, 's': None, 'op': 11, 'd': None}
2022-01-21 19:20:45,930:DEBUG:nextcord.gateway: Keeping shard ID None websocket alive with sequence 3.
2022-01-21 19:20:45,972:DEBUG:nextcord.gateway: For Shard ID None: WebSocket Event: {'t': None, 's': None, 'op': 11, 'd': None}
2022-01-21 19:21:27,181:DEBUG:nextcord.gateway: Keeping shard ID None websocket alive with sequence 3.
2022-01-21 19:21:27,233:DEBUG:nextcord.gateway: For Shard ID None: WebSocket Event: {'t': None, 's': None, 'op': 11, 'd': None}
2022-01-21 19:22:08,434:DEBUG:nextcord.gateway: Keeping shard ID None websocket alive with sequence 3.
2022-01-21 19:22:08,475:DEBUG:nextcord.gateway: For Shard ID None: WebSocket Event: {'t': None, 's': None, 'op': 11, 'd': None}
2022-01-21 19:22:49,685:DEBUG:nextcord.gateway: Keeping shard ID None websocket alive with sequence 3.
2022-01-21 19:22:49,729:DEBUG:nextcord.gateway: For Shard ID None: WebSocket Event: {'t': None, 's': None, 'op': 11, 'd': None}
2022-01-21 19:23:30,937:DEBUG:nextcord.gateway: Keeping shard ID None websocket alive with sequence 3.
2022-01-21 19:23:30,975:DEBUG:nextcord.gateway: For Shard ID None: WebSocket Event: {'t': None, 's': None, 'op': 11, 'd': None}
2022-01-21 19:24:12,189:DEBUG:nextcord.gateway: Keeping shard ID None websocket alive with sequence 3.
2022-01-21 19:24:12,229:DEBUG:nextcord.gateway: For Shard ID None: WebSocket Event: {'t': None, 's': None, 'op': 11, 'd': None}
2022-01-21 19:24:53,441:DEBUG:nextcord.gateway: Keeping shard ID None websocket alive with sequence 3.
2022-01-21 19:24:53,484:DEBUG:nextcord.gateway: For Shard ID None: WebSocket Event: {'t': None, 's': None, 'op': 11, 'd': None}
2022-01-21 19:25:34,692:DEBUG:nextcord.gateway: Keeping shard ID None websocket alive with sequence 3.
2022-01-21 19:25:34,734:DEBUG:nextcord.gateway: For Shard ID None: WebSocket Event: {'t': None, 's': None, 'op': 11, 'd': None}
2022-01-21 19:26:15,947:DEBUG:nextcord.gateway: Keeping shard ID None websocket alive with sequence 3.
2022-01-21 19:26:15,991:DEBUG:nextcord.gateway: For Shard ID None: WebSocket Event: {'t': None, 's': None, 'op': 11, 'd': None}
2022-01-21 19:26:57,198:DEBUG:nextcord.gateway: Keeping shard ID None websocket alive with sequence 3.
2022-01-21 19:26:57,243:DEBUG:nextcord.gateway: For Shard ID None: WebSocket Event: {'t': None, 's': None, 'op': 11, 'd': None}
2022-01-21 19:27:38,450:DEBUG:nextcord.gateway: Keeping shard ID None websocket alive with sequence 3.
2022-01-21 19:27:38,488:DEBUG:nextcord.gateway: For Shard ID None: WebSocket Event: {'t': None, 's': None, 'op': 11, 'd': None}
2022-01-21 19:28:19,701:DEBUG:nextcord.gateway: Keeping shard ID None websocket alive with sequence 3.
2022-01-21 19:28:19,743:DEBUG:nextcord.gateway: For Shard ID None: WebSocket Event: {'t': None, 's': None, 'op': 11, 'd': None}
2022-01-21 19:29:00,953:DEBUG:nextcord.gateway: Keeping shard ID None websocket alive with sequence 3.
2022-01-21 19:29:00,994:DEBUG:nextcord.gateway: For Shard ID None: WebSocket Event: {'t': None, 's': None, 'op': 11, 'd': None}
2022-01-21 19:29:42,204:DEBUG:nextcord.gateway: Keeping shard ID None websocket alive with sequence 3.
2022-01-21 19:29:42,243:DEBUG:nextcord.gateway: For Shard ID None: WebSocket Event: {'t': None, 's': None, 'op': 11, 'd': None}
2022-01-21 19:30:23,456:DEBUG:nextcord.gateway: Keeping shard ID None websocket alive with sequence 3.
2022-01-21 19:30:23,502:DEBUG:nextcord.gateway: For Shard ID None: WebSocket Event: {'t': None, 's': None, 'op': 11, 'd': None}
2022-01-21 19:31:04,710:DEBUG:nextcord.gateway: Keeping shard ID None websocket alive with sequence 3.
2022-01-21 19:31:04,752:DEBUG:nextcord.gateway: For Shard ID None: WebSocket Event: {'t': None, 's': None, 'op': 11, 'd': None}
2022-01-21 19:31:45,962:DEBUG:nextcord.gateway: Keeping shard ID None websocket alive with sequence 3.
2022-01-21 19:31:46,002:DEBUG:nextcord.gateway: For Shard ID None: WebSocket Event: {'t': None, 's': None, 'op': 11, 'd': None}
2022-01-21 19:32:27,213:DEBUG:nextcord.gateway: Keeping shard ID None websocket alive with sequence 3.
2022-01-21 19:32:27,257:DEBUG:nextcord.gateway: For Shard ID None: WebSocket Event: {'t': None, 's': None, 'op': 11, 'd': None}
2022-01-21 19:33:08,464:DEBUG:nextcord.gateway: Keeping shard ID None websocket alive with sequence 3.
2022-01-21 19:33:08,506:DEBUG:nextcord.gateway: For Shard ID None: WebSocket Event: {'t': None, 's': None, 'op': 11, 'd': None}
2022-01-21 19:33:49,716:DEBUG:nextcord.gateway: Keeping shard ID None websocket alive with sequence 3.
2022-01-21 19:33:49,764:DEBUG:nextcord.gateway: For Shard ID None: WebSocket Event: {'t': None, 's': None, 'op': 11, 'd': None}
2022-01-21 19:34:30,968:DEBUG:nextcord.gateway: Keeping shard ID None websocket alive with sequence 3.
2022-01-21 19:34:31,008:DEBUG:nextcord.gateway: For Shard ID None: WebSocket Event: {'t': None, 's': None, 'op': 11, 'd': None}
2022-01-21 19:35:12,220:DEBUG:nextcord.gateway: Keeping shard ID None websocket alive with sequence 3.
2022-01-21 19:35:12,263:DEBUG:nextcord.gateway: For Shard ID None: WebSocket Event: {'t': None, 's': None, 'op': 11, 'd': None}
2022-01-21 19:35:53,480:DEBUG:nextcord.gateway: Keeping shard ID None websocket alive with sequence 3.
2022-01-21 19:35:53,521:DEBUG:nextcord.gateway: For Shard ID None: WebSocket Event: {'t': None, 's': None, 'op': 11, 'd': None}
2022-01-21 19:36:34,736:DEBUG:nextcord.gateway: Keeping shard ID None websocket alive with sequence 3.
2022-01-21 19:36:34,781:DEBUG:nextcord.gateway: For Shard ID None: WebSocket Event: {'t': None, 's': None, 'op': 11, 'd': None}
2022-01-21 19:37:15,988:DEBUG:nextcord.gateway: Keeping shard ID None websocket alive with sequence 3.
2022-01-21 19:37:16,040:DEBUG:nextcord.gateway: For Shard ID None: WebSocket Event: {'t': None, 's': None, 'op': 11, 'd': None}
2022-01-21 19:37:57,239:DEBUG:nextcord.gateway: Keeping shard ID None websocket alive with sequence 3.
2022-01-21 19:37:57,284:DEBUG:nextcord.gateway: For Shard ID None: WebSocket Event: {'t': None, 's': None, 'op': 11, 'd': None}
2022-01-21 19:38:38,494:DEBUG:nextcord.gateway: Keeping shard ID None websocket alive with sequence 3.
2022-01-21 19:38:38,542:DEBUG:nextcord.gateway: For Shard ID None: WebSocket Event: {'t': None, 's': None, 'op': 11, 'd': None}
2022-01-21 19:39:19,745:DEBUG:nextcord.gateway: Keeping shard ID None websocket alive with sequence 3.
2022-01-21 19:39:19,785:DEBUG:nextcord.gateway: For Shard ID None: WebSocket Event: {'t': None, 's': None, 'op': 11, 'd': None}
2022-01-21 19:40:00,997:DEBUG:nextcord.gateway: Keeping shard ID None websocket alive with sequence 3.
2022-01-21 19:40:01,038:DEBUG:nextcord.gateway: For Shard ID None: WebSocket Event: {'t': None, 's': None, 'op': 11, 'd': None}
2022-01-21 19:40:42,249:DEBUG:nextcord.gateway: Keeping shard ID None websocket alive with sequence 3.
2022-01-21 19:40:42,300:DEBUG:nextcord.gateway: For Shard ID None: WebSocket Event: {'t': None, 's': None, 'op': 11, 'd': None}
2022-01-21 19:41:23,502:DEBUG:nextcord.gateway: Keeping shard ID None websocket alive with sequence 3.
2022-01-21 19:41:23,546:DEBUG:nextcord.gateway: For Shard ID None: WebSocket Event: {'t': None, 's': None, 'op': 11, 'd': None}
2022-01-21 19:42:04,756:DEBUG:nextcord.gateway: Keeping shard ID None websocket alive with sequence 3.
2022-01-21 19:42:04,797:DEBUG:nextcord.gateway: For Shard ID None: WebSocket Event: {'t': None, 's': None, 'op': 11, 'd': None}
2022-01-21 19:42:46,009:DEBUG:nextcord.gateway: Keeping shard ID None websocket alive with sequence 3.
2022-01-21 19:42:46,057:DEBUG:nextcord.gateway: For Shard ID None: WebSocket Event: {'t': None, 's': None, 'op': 11, 'd': None}
2022-01-21 19:43:27,261:DEBUG:nextcord.gateway: Keeping shard ID None websocket alive with sequence 3.
2022-01-21 19:43:27,305:DEBUG:nextcord.gateway: For Shard ID None: WebSocket Event: {'t': None, 's': None, 'op': 11, 'd': None}
2022-01-21 19:44:08,515:DEBUG:nextcord.gateway: Keeping shard ID None websocket alive with sequence 3.
2022-01-21 19:44:08,554:DEBUG:nextcord.gateway: For Shard ID None: WebSocket Event: {'t': None, 's': None, 'op': 11, 'd': None}
2022-01-21 19:44:49,767:DEBUG:nextcord.gateway: Keeping shard ID None websocket alive with sequence 3.
2022-01-21 19:44:49,814:DEBUG:nextcord.gateway: For Shard ID None: WebSocket Event: {'t': None, 's': None, 'op': 11, 'd': None}
2022-01-21 19:45:31,026:DEBUG:nextcord.gateway: Keeping shard ID None websocket alive with sequence 3.
2022-01-21 19:45:31,072:DEBUG:nextcord.gateway: For Shard ID None: WebSocket Event: {'t': None, 's': None, 'op': 11, 'd': None}
2022-01-21 19:46:12,277:DEBUG:nextcord.gateway: Keeping shard ID None websocket alive with sequence 3.
2022-01-21 19:46:12,319:DEBUG:nextcord.gateway: For Shard ID None: WebSocket Event: {'t': None, 's': None, 'op': 11, 'd': None}
2022-01-21 19:46:53,528:DEBUG:nextcord.gateway: Keeping shard ID None websocket alive with sequence 3.
2022-01-21 19:46:53,577:DEBUG:nextcord.gateway: For Shard ID None: WebSocket Event: {'t': None, 's': None, 'op': 11, 'd': None}
2022-01-21 19:47:34,780:DEBUG:nextcord.gateway: Keeping shard ID None websocket alive with sequence 3.
2022-01-21 19:47:34,820:DEBUG:nextcord.gateway: For Shard ID None: WebSocket Event: {'t': None, 's': None, 'op': 11, 'd': None}
2022-01-21 19:48:16,031:DEBUG:nextcord.gateway: Keeping shard ID None websocket alive with sequence 3.
2022-01-21 19:48:16,074:DEBUG:nextcord.gateway: For Shard ID None: WebSocket Event: {'t': None, 's': None, 'op': 11, 'd': None}
2022-01-21 19:48:57,283:DEBUG:nextcord.gateway: Keeping shard ID None websocket alive with sequence 3.
2022-01-21 19:48:57,325:DEBUG:nextcord.gateway: For Shard ID None: WebSocket Event: {'t': None, 's': None, 'op': 11, 'd': None}
2022-01-21 19:49:38,535:DEBUG:nextcord.gateway: Keeping shard ID None websocket alive with sequence 3.
2022-01-21 19:49:38,578:DEBUG:nextcord.gateway: For Shard ID None: WebSocket Event: {'t': None, 's': None, 'op': 11, 'd': None}
